<?xml version="1.0" encoding="UTF-8"?>
<!-- Generated by org.testng.reporters.JUnitXMLReporter -->
<testsuite ignored="3" hostname="HPLaptop" failures="0" tests="1" name="Default test" time="3.947" errors="0" timestamp="2025-10-05T07:42:21 AEDT">
  <testcase classname="api.tests.UserTests" name="createUserTest" time="3.059"/>
  <testcase classname="api.tests.UserTests" name="updateUserTest" time="0.0">
    <ignored/>
  </testcase> <!-- updateUserTest -->
  <testcase classname="api.tests.UserTests" name="getUserTest" time="0.0">
    <ignored/>
  </testcase> <!-- getUserTest -->
  <testcase classname="api.tests.UserTests" name="deleteUserTest" time="0.0">
    <ignored/>
  </testcase> <!-- deleteUserTest -->
</testsuite> <!-- Default test -->
