<?xml version="1.0" encoding="UTF-8"?>
<!-- Generated by org.testng.reporters.JUnitXMLReporter -->
<testsuite ignored="0" hostname="HPLaptop" failures="0" tests="5" name="Default test" time="4.719" errors="0" timestamp="2025-09-28T07:47:37 AEST">
  <testcase classname="api.tests.ObjectTests_New" name="createObjectTest" time="2.284"/>
  <testcase classname="api.tests.ObjectTests_New" name="getObjectTest" time="0.253"/>
  <testcase classname="api.tests.ObjectTests_New" name="updateObjectTest" time="0.477"/>
  <testcase classname="api.tests.ObjectTests_New" name="deleteObjectTest" time="0.236"/>
  <testcase classname="api.tests.ObjectTests_New" name="getALLObjectsTest" time="0.694"/>
</testsuite> <!-- Default test -->
