<?xml version="1.0" encoding="UTF-8"?>
<!-- Generated by org.testng.reporters.JUnitXMLReporter -->
<testsuite ignored="8" hostname="HPLaptop" failures="9" tests="18" name="Test" time="60.704" errors="0" timestamp="2025-09-28T12:27:49 AEST">
  <testcase classname="api.tests.UserTests" name="createUserTest" time="3.431"/>
  <testcase classname="api.tests.UserTests" name="getUserTest" time="1.59"/>
  <testcase classname="api.tests.UserTests" name="updateUserTest" time="1.518">
    <failure type="java.lang.AssertionError" message="expected [200] but found [404]">
      <![CDATA[java.lang.AssertionError: expected [200] but found [404]
at api.tests.UserTests.updateUserTest(UserTests.java:87)
at java.base/java.util.ArrayList.forEach(ArrayList.java:1597)
... Removed 36 stack frames]]>
    </failure>
  </testcase> <!-- updateUserTest -->
  <testcase classname="api.tests.UserTests" name="deleteUserTest" time="1.544">
    <failure type="java.lang.AssertionError" message="expected [200] but found [404]">
      <![CDATA[java.lang.AssertionError: expected [200] but found [404]
at api.tests.UserTests.deleteUserTest(UserTests.java:101)
at java.base/java.util.ArrayList.forEach(ArrayList.java:1597)
... Removed 36 stack frames]]>
    </failure>
  </testcase> <!-- deleteUserTest -->
  <testcase classname="api.tests.EmployeeTests" name="createEmployeeTest" time="1.88"/>
  <testcase classname="api.tests.EmployeeTests" name="getEmployeeTest" time="15.025">
    <failure type="java.lang.AssertionError" message="expected [200] but found [429]">
      <![CDATA[java.lang.AssertionError: expected [200] but found [429]
at api.tests.EmployeeTests.getEmployeeTest(EmployeeTests.java:101)
at java.base/java.util.ArrayList.forEach(ArrayList.java:1597)
... Removed 36 stack frames]]>
    </failure>
  </testcase> <!-- getEmployeeTest -->
  <testcase classname="api.tests.EmployeeTests" name="updateEmployeeTest" time="14.849">
    <failure type="java.lang.AssertionError" message="expected [200] but found [429]">
      <![CDATA[java.lang.AssertionError: expected [200] but found [429]
at api.tests.EmployeeTests.updateEmployeeTest(EmployeeTests.java:136)
at java.base/java.util.ArrayList.forEach(ArrayList.java:1597)
... Removed 36 stack frames]]>
    </failure>
  </testcase> <!-- updateEmployeeTest -->
  <testcase classname="api.tests.EmployeeTests" name="deleteUserTest" time="14.64">
    <failure type="java.lang.AssertionError" message="expected [200] but found [429]">
      <![CDATA[java.lang.AssertionError: expected [200] but found [429]
at api.tests.EmployeeTests.deleteUserTest(EmployeeTests.java:165)
at java.base/java.util.ArrayList.forEach(ArrayList.java:1597)
... Removed 36 stack frames]]>
    </failure>
  </testcase> <!-- deleteUserTest -->
  <testcase classname="api.tests.ObjectTests_New" name="createObjectTest" time="0.292"/>
  <testcase classname="api.tests.ObjectTests_New" name="getObjectTest" time="0.289"/>
  <testcase classname="api.tests.ObjectTests_New" name="updateObjectTest" time="0.312"/>
  <testcase classname="api.tests.ObjectTests_New" name="deleteObjectTest" time="0.306"/>
  <testcase classname="api.tests.ObjectTests_New" name="getALLObjectsTest" time="0.979"/>
  <testcase classname="api.tests.ObjectTests" name="getALLObjectsTest" time="0.797"/>
  <testcase classname="api.tests.ObjectDDTests" name="deleteObjectTest" time="0.358">
    <failure type="java.lang.AssertionError" message="expected [200] but found [404]">
      <![CDATA[java.lang.AssertionError: expected [200] but found [404]
at api.tests.ObjectDDTests.deleteObjectTest(ObjectDDTests.java:117)
at java.base/java.util.ArrayList.forEach(ArrayList.java:1597)
... Removed 36 stack frames]]>
    </failure>
  </testcase> <!-- deleteObjectTest -->
  <testcase classname="api.tests.ObjectDDTests" name="deleteObjectTest" time="0.302">
    <failure type="java.lang.AssertionError" message="expected [200] but found [404]">
      <![CDATA[java.lang.AssertionError: expected [200] but found [404]
at api.tests.ObjectDDTests.deleteObjectTest(ObjectDDTests.java:117)
at java.base/java.util.ArrayList.forEach(ArrayList.java:1597)
... Removed 36 stack frames]]>
    </failure>
  </testcase> <!-- deleteObjectTest -->
  <testcase classname="api.tests.ObjectDDTests" name="deleteObjectTest" time="0.311">
    <failure type="java.lang.AssertionError" message="expected [200] but found [404]">
      <![CDATA[java.lang.AssertionError: expected [200] but found [404]
at api.tests.ObjectDDTests.deleteObjectTest(ObjectDDTests.java:117)
at java.base/java.util.ArrayList.forEach(ArrayList.java:1597)
... Removed 36 stack frames]]>
    </failure>
  </testcase> <!-- deleteObjectTest -->
  <testcase classname="api.tests.ObjectDDTests" name="deleteObjectTest" time="0.202">
    <failure type="java.lang.AssertionError" message="expected [200] but found [404]">
      <![CDATA[java.lang.AssertionError: expected [200] but found [404]
at api.tests.ObjectDDTests.deleteObjectTest(ObjectDDTests.java:117)
at java.base/java.util.ArrayList.forEach(ArrayList.java:1597)
... Removed 36 stack frames]]>
    </failure>
  </testcase> <!-- deleteObjectTest -->
  <testcase classname="api.tests.ObjectTests" name="getObjectTest" time="0.0">
    <ignored/>
  </testcase> <!-- getObjectTest -->
  <testcase classname="api.tests.ObjectTests" name="updateObjectTest" time="0.0">
    <ignored/>
  </testcase> <!-- updateObjectTest -->
  <testcase classname="api.tests.ObjectTests" name="createObjectTest" time="0.0">
    <ignored/>
  </testcase> <!-- createObjectTest -->
  <testcase classname="api.tests.ObjectDDTests" name="getALLObjectsTest" time="0.0">
    <ignored/>
  </testcase> <!-- getALLObjectsTest -->
  <testcase classname="api.tests.ObjectDDTests" name="createObjectTest2" time="0.0">
    <ignored/>
  </testcase> <!-- createObjectTest2 -->
  <testcase classname="api.tests.ObjectDDTests" name="getObjectTest" time="0.0">
    <ignored/>
  </testcase> <!-- getObjectTest -->
  <testcase classname="api.tests.ObjectTests" name="deleteObjectTest" time="0.0">
    <ignored/>
  </testcase> <!-- deleteObjectTest -->
  <testcase classname="api.tests.ObjectDDTests" name="createObjectTest" time="0.0">
    <ignored/>
  </testcase> <!-- createObjectTest -->
</testsuite> <!-- Test -->
