<?xml version="1.0" encoding="UTF-8"?>
<!-- Generated by org.testng.reporters.JUnitXMLReporter -->
<testsuite ignored="15" hostname="HPLaptop" failures="0" tests="8" name="Test" time="9.464" errors="0" timestamp="2025-10-05T07:43:09 AEDT">
  <testcase classname="api.tests.UserTests" name="createUserTest" time="2.99"/>
  <testcase classname="api.tests.EmployeeTests" name="createEmployeeTest" time="1.264"/>
  <testcase classname="api.tests.ObjectTests_New" name="createObjectTest" time="0.441"/>
  <testcase classname="api.tests.ObjectTests_New" name="getObjectTest" time="0.265"/>
  <testcase classname="api.tests.ObjectTests_New" name="updateObjectTest" time="0.581"/>
  <testcase classname="api.tests.ObjectTests_New" name="deleteObjectTest" time="0.25"/>
  <testcase classname="api.tests.ObjectTests_New" name="getALLObjectsTest" time="1.059"/>
  <testcase classname="api.tests.ObjectTests" name="getALLObjectsTest" time="1.819"/>
  <testcase classname="api.tests.ObjectDDTests" name="getALLObjectsTest" time="0.0">
    <ignored/>
  </testcase> <!-- getALLObjectsTest -->
  <testcase classname="api.tests.EmployeeTests" name="getEmployeeTest" time="0.0">
    <ignored/>
  </testcase> <!-- getEmployeeTest -->
  <testcase classname="api.tests.ObjectDDTests" name="getObjectTest" time="0.0">
    <ignored/>
  </testcase> <!-- getObjectTest -->
  <testcase classname="api.tests.UserTests" name="getUserTest" time="0.0">
    <ignored/>
  </testcase> <!-- getUserTest -->
  <testcase classname="api.tests.ObjectDDTests" name="deleteObjectTest" time="0.0">
    <ignored/>
  </testcase> <!-- deleteObjectTest -->
  <testcase classname="api.tests.ObjectTests" name="getObjectTest" time="0.0">
    <ignored/>
  </testcase> <!-- getObjectTest -->
  <testcase classname="api.tests.EmployeeTests" name="deleteUserTest" time="0.0">
    <ignored/>
  </testcase> <!-- deleteUserTest -->
  <testcase classname="api.tests.ObjectTests" name="deleteObjectTest" time="0.0">
    <ignored/>
  </testcase> <!-- deleteObjectTest -->
  <testcase classname="api.tests.UserTests" name="updateUserTest" time="0.0">
    <ignored/>
  </testcase> <!-- updateUserTest -->
  <testcase classname="api.tests.UserTests" name="deleteUserTest" time="0.0">
    <ignored/>
  </testcase> <!-- deleteUserTest -->
  <testcase classname="api.tests.ObjectTests" name="createObjectTest" time="0.0">
    <ignored/>
  </testcase> <!-- createObjectTest -->
  <testcase classname="api.tests.ObjectDDTests" name="createObjectTest2" time="0.0">
    <ignored/>
  </testcase> <!-- createObjectTest2 -->
  <testcase classname="api.tests.ObjectTests" name="updateObjectTest" time="0.0">
    <ignored/>
  </testcase> <!-- updateObjectTest -->
  <testcase classname="api.tests.ObjectDDTests" name="createObjectTest" time="0.0">
    <ignored/>
  </testcase> <!-- createObjectTest -->
  <testcase classname="api.tests.EmployeeTests" name="updateEmployeeTest" time="0.0">
    <ignored/>
  </testcase> <!-- updateEmployeeTest -->
</testsuite> <!-- Test -->
