<?xml version="1.0" encoding="UTF-8"?>
<testng-results ignored="0" total="8" passed="8" failed="0" skipped="0">
  <reporter-output>
  </reporter-output>
  <suite started-at="2025-10-05T07:42:59 AEDT" name="Suite" finished-at="2025-10-05T07:43:09 AEDT" duration-ms="9464">
    <groups>
    </groups>
    <test started-at="2025-10-05T07:42:59 AEDT" name="Test" finished-at="2025-10-05T07:43:09 AEDT" duration-ms="9464">
      <class name="api.tests.ObjectTests_New">
        <test-method is-config="true" signature="setupData()[pri:0, instance:api.tests.ObjectTests_New@47eaca72]" started-at="2025-10-05T07:43:04 AEDT" name="setupData" finished-at="2025-10-05T07:43:04 AEDT" duration-ms="10" status="PASS">
          <reporter-output>
          </reporter-output>
        </test-method> <!-- setupData -->
        <test-method signature="createObjectTest()[pri:1, instance:api.tests.ObjectTests_New@47eaca72]" started-at="2025-10-05T07:43:04 AEDT" name="createObjectTest" finished-at="2025-10-05T07:43:05 AEDT" duration-ms="441" status="PASS">
          <reporter-output>
          </reporter-output>
        </test-method> <!-- createObjectTest -->
        <test-method signature="getObjectTest()[pri:2, instance:api.tests.ObjectTests_New@47eaca72]" started-at="2025-10-05T07:43:05 AEDT" name="getObjectTest" finished-at="2025-10-05T07:43:05 AEDT" duration-ms="265" status="PASS">
          <reporter-output>
          </reporter-output>
        </test-method> <!-- getObjectTest -->
        <test-method signature="updateObjectTest()[pri:3, instance:api.tests.ObjectTests_New@47eaca72]" started-at="2025-10-05T07:43:05 AEDT" name="updateObjectTest" finished-at="2025-10-05T07:43:05 AEDT" duration-ms="581" status="PASS">
          <reporter-output>
          </reporter-output>
        </test-method> <!-- updateObjectTest -->
        <test-method signature="deleteObjectTest()[pri:4, instance:api.tests.ObjectTests_New@47eaca72]" started-at="2025-10-05T07:43:05 AEDT" name="deleteObjectTest" finished-at="2025-10-05T07:43:06 AEDT" duration-ms="250" status="PASS">
          <reporter-output>
          </reporter-output>
        </test-method> <!-- deleteObjectTest -->
        <test-method signature="getALLObjectsTest()[pri:5, instance:api.tests.ObjectTests_New@47eaca72]" started-at="2025-10-05T07:43:06 AEDT" name="getALLObjectsTest" finished-at="2025-10-05T07:43:07 AEDT" duration-ms="1059" status="PASS">
          <reporter-output>
          </reporter-output>
        </test-method> <!-- getALLObjectsTest -->
      </class> <!-- api.tests.ObjectTests_New -->
      <class name="api.tests.UserTests">
        <test-method is-config="true" signature="setupData()[pri:0, instance:api.tests.UserTests@368f2016]" started-at="2025-10-05T07:42:59 AEDT" name="setupData" finished-at="2025-10-05T07:43:00 AEDT" duration-ms="723" status="PASS">
          <reporter-output>
          </reporter-output>
        </test-method> <!-- setupData -->
        <test-method signature="createUserTest()[pri:1, instance:api.tests.UserTests@368f2016]" started-at="2025-10-05T07:43:00 AEDT" name="createUserTest" finished-at="2025-10-05T07:43:03 AEDT" duration-ms="2990" status="PASS">
          <reporter-output>
          </reporter-output>
        </test-method> <!-- createUserTest -->
      </class> <!-- api.tests.UserTests -->
      <class name="api.tests.EmployeeTests">
        <test-method signature="createEmployeeTest()[pri:1, instance:api.tests.EmployeeTests@1aafa419]" started-at="2025-10-05T07:43:03 AEDT" name="createEmployeeTest" finished-at="2025-10-05T07:43:04 AEDT" duration-ms="1264" status="PASS">
          <reporter-output>
          </reporter-output>
        </test-method> <!-- createEmployeeTest -->
        <test-method is-config="true" signature="setupData()[pri:0, instance:api.tests.EmployeeTests@1aafa419]" started-at="2025-10-05T07:43:03 AEDT" name="setupData" finished-at="2025-10-05T07:43:03 AEDT" duration-ms="0" status="PASS">
          <reporter-output>
          </reporter-output>
        </test-method> <!-- setupData -->
      </class> <!-- api.tests.EmployeeTests -->
      <class name="api.tests.ObjectTests">
        <test-method is-config="true" signature="setupData()[pri:0, instance:api.tests.ObjectTests@55141def]" started-at="2025-10-05T07:43:07 AEDT" name="setupData" finished-at="2025-10-05T07:43:07 AEDT" duration-ms="1" status="PASS">
          <reporter-output>
          </reporter-output>
        </test-method> <!-- setupData -->
        <test-method signature="getALLObjectsTest()[pri:5, instance:api.tests.ObjectTests@55141def]" started-at="2025-10-05T07:43:07 AEDT" name="getALLObjectsTest" finished-at="2025-10-05T07:43:09 AEDT" duration-ms="1819" status="PASS">
          <reporter-output>
          </reporter-output>
        </test-method> <!-- getALLObjectsTest -->
      </class> <!-- api.tests.ObjectTests -->
    </test> <!-- Test -->
  </suite> <!-- Suite -->
</testng-results>
