<?xml version="1.0" encoding="UTF-8"?>
<testsuite xmlns:xsi="http://www.w3.org/2001/XMLSchema-instance" xsi:noNamespaceSchemaLocation="https://maven.apache.org/surefire/maven-surefire-plugin/xsd/surefire-test-report.xsd" name="TestSuite" time="61.339" tests="18" errors="0" skipped="0" failures="9">
  <properties>
[...]
</properties>
  <testcase name="createUserTest" classname="api.tests.UserTests" time="3.434"/>
  <testcase name="getUserTest" classname="api.tests.UserTests" time="1.59"/>
  <testcase name="updateUserTest" classname="api.tests.UserTests" time="1.524">
    <failure message="expected [200] but found [404]" type="java.lang.AssertionError">java.lang.AssertionError: expected [200] but found [404]
	at api.tests.UserTests.updateUserTest(UserTests.java:87)
</failure>
  </testcase>
  <testcase name="deleteUserTest" classname="api.tests.UserTests" time="1.539">
    <failure message="expected [200] but found [404]" type="java.lang.AssertionError">java.lang.AssertionError: expected [200] but found [404]
	at api.tests.UserTests.deleteUserTest(UserTests.java:101)
</failure>
  </testcase>
  <testcase name="createEmployeeTest" classname="api.tests.EmployeeTests" time="1.864"/>
  <testcase name="getEmployeeTest" classname="api.tests.EmployeeTests" time="15.025">
    <failure message="expected [200] but found [429]" type="java.lang.AssertionError">java.lang.AssertionError: expected [200] but found [429]
	at api.tests.EmployeeTests.getEmployeeTest(EmployeeTests.java:101)
</failure>
    <system-out><![CDATA[[2025-09-28 12:27:00] [INFO ] [EmployeeTests:75] - ******Employee Creation test****
ID: 4910
Get Employee Failure counts: 1
Get Employee Failure counts: 2
Get Employee Failure counts: 3
Get Employee Failure counts: 4
Get Employee Failure counts: 5
]]></system-out>
  </testcase>
  <testcase name="updateEmployeeTest" classname="api.tests.EmployeeTests" time="14.853">
    <failure message="expected [200] but found [429]" type="java.lang.AssertionError">java.lang.AssertionError: expected [200] but found [429]
	at api.tests.EmployeeTests.updateEmployeeTest(EmployeeTests.java:136)
</failure>
    <system-out><![CDATA[Update Employee Failure counts: 1
Update Employee Failure counts: 2
Update Employee Failure counts: 3
Update Employee Failure counts: 4
Update Employee Failure counts: 5
]]></system-out>
  </testcase>
  <testcase name="deleteUserTest" classname="api.tests.EmployeeTests" time="14.647">
    <failure message="expected [200] but found [429]" type="java.lang.AssertionError">java.lang.AssertionError: expected [200] but found [429]
	at api.tests.EmployeeTests.deleteUserTest(EmployeeTests.java:165)
</failure>
    <system-out><![CDATA[Delete Employee Failure counts: 1
Delete Employee Failure counts: 2
Delete Employee Failure counts: 3
Delete Employee Failure counts: 4
Delete Employee Failure counts: 5
]]></system-out>
  </testcase>
  <testcase name="createObjectTest" classname="api.tests.ObjectTests_New" time="0.295"/>
  <testcase name="getObjectTest" classname="api.tests.ObjectTests_New" time="0.289"/>
  <testcase name="updateObjectTest" classname="api.tests.ObjectTests_New" time="0.312"/>
  <testcase name="deleteObjectTest" classname="api.tests.ObjectTests_New" time="0.309"/>
  <testcase name="getALLObjectsTest" classname="api.tests.ObjectTests_New" time="0.977"/>
  <testcase name="getALLObjectsTest" classname="api.tests.ObjectTests" time="0.799"/>
  <testcase name="deleteObjectTest" classname="api.tests.ObjectDDTests" time="0.358">
    <failure message="expected [200] but found [404]" type="java.lang.AssertionError">java.lang.AssertionError: expected [200] but found [404]
	at api.tests.ObjectDDTests.deleteObjectTest(ObjectDDTests.java:117)
</failure>
  </testcase>
  <testcase name="deleteObjectTest" classname="api.tests.ObjectDDTests" time="0.302">
    <failure message="expected [200] but found [404]" type="java.lang.AssertionError">java.lang.AssertionError: expected [200] but found [404]
	at api.tests.ObjectDDTests.deleteObjectTest(ObjectDDTests.java:117)
</failure>
  </testcase>
  <testcase name="deleteObjectTest" classname="api.tests.ObjectDDTests" time="0.312">
    <failure message="expected [200] but found [404]" type="java.lang.AssertionError">java.lang.AssertionError: expected [200] but found [404]
	at api.tests.ObjectDDTests.deleteObjectTest(ObjectDDTests.java:117)
</failure>
  </testcase>
  <testcase name="deleteObjectTest" classname="api.tests.ObjectDDTests" time="0.201">
    <failure message="expected [200] but found [404]" type="java.lang.AssertionError">java.lang.AssertionError: expected [200] but found [404]
	at api.tests.ObjectDDTests.deleteObjectTest(ObjectDDTests.java:117)
</failure>
  </testcase>
</testsuite>