<?xml version="1.0" encoding="UTF-8"?>
<testng-results ignored="0" total="1" passed="1" failed="0" skipped="0">
  <reporter-output>
  </reporter-output>
  <suite started-at="2025-10-05T07:42:17 AEDT" name="Default suite" finished-at="2025-10-05T07:42:21 AEDT" duration-ms="3947">
    <groups>
    </groups>
    <test started-at="2025-10-05T07:42:17 AEDT" name="Default test" finished-at="2025-10-05T07:42:21 AEDT" duration-ms="3947">
      <class name="api.tests.UserTests">
        <test-method is-config="true" signature="setupData()[pri:0, instance:api.tests.UserTests@2898ac89]" started-at="2025-10-05T07:42:17 AEDT" name="setupData" finished-at="2025-10-05T07:42:18 AEDT" duration-ms="851" status="PASS">
          <reporter-output>
          </reporter-output>
        </test-method> <!-- setupData -->
        <test-method signature="createUserTest()[pri:1, instance:api.tests.UserTests@2898ac89]" started-at="2025-10-05T07:42:18 AEDT" name="createUserTest" finished-at="2025-10-05T07:42:21 AEDT" duration-ms="3059" status="PASS">
          <reporter-output>
          </reporter-output>
        </test-method> <!-- createUserTest -->
      </class> <!-- api.tests.UserTests -->
    </test> <!-- Default test -->
  </suite> <!-- Default suite -->
</testng-results>
