<?xml version="1.0" encoding="UTF-8"?>
<testng-results ignored="0" total="5" passed="5" failed="0" skipped="0">
  <reporter-output>
  </reporter-output>
  <suite started-at="2025-09-28T07:47:32 AEST" name="Default suite" finished-at="2025-09-28T07:47:37 AEST" duration-ms="4719">
    <groups>
    </groups>
    <test started-at="2025-09-28T07:47:32 AEST" name="Default test" finished-at="2025-09-28T07:47:37 AEST" duration-ms="4719">
      <class name="api.tests.ObjectTests_New">
        <test-method is-config="true" signature="setupData()[pri:0, instance:api.tests.ObjectTests_New@65b3f4a4]" started-at="2025-09-28T07:47:32 AEST" name="setupData" finished-at="2025-09-28T07:47:33 AEST" duration-ms="727" status="PASS">
          <reporter-output>
          </reporter-output>
        </test-method> <!-- setupData -->
        <test-method signature="createObjectTest()[pri:1, instance:api.tests.ObjectTests_New@65b3f4a4]" started-at="2025-09-28T07:47:33 AEST" name="createObjectTest" finished-at="2025-09-28T07:47:35 AEST" duration-ms="2284" status="PASS">
          <reporter-output>
          </reporter-output>
        </test-method> <!-- createObjectTest -->
        <test-method signature="getObjectTest()[pri:2, instance:api.tests.ObjectTests_New@65b3f4a4]" started-at="2025-09-28T07:47:35 AEST" name="getObjectTest" finished-at="2025-09-28T07:47:36 AEST" duration-ms="253" status="PASS">
          <reporter-output>
          </reporter-output>
        </test-method> <!-- getObjectTest -->
        <test-method signature="updateObjectTest()[pri:3, instance:api.tests.ObjectTests_New@65b3f4a4]" started-at="2025-09-28T07:47:36 AEST" name="updateObjectTest" finished-at="2025-09-28T07:47:36 AEST" duration-ms="477" status="PASS">
          <reporter-output>
          </reporter-output>
        </test-method> <!-- updateObjectTest -->
        <test-method signature="deleteObjectTest()[pri:4, instance:api.tests.ObjectTests_New@65b3f4a4]" started-at="2025-09-28T07:47:36 AEST" name="deleteObjectTest" finished-at="2025-09-28T07:47:36 AEST" duration-ms="236" status="PASS">
          <reporter-output>
          </reporter-output>
        </test-method> <!-- deleteObjectTest -->
        <test-method signature="getALLObjectsTest()[pri:5, instance:api.tests.ObjectTests_New@65b3f4a4]" started-at="2025-09-28T07:47:36 AEST" name="getALLObjectsTest" finished-at="2025-09-28T07:47:37 AEST" duration-ms="694" status="PASS">
          <reporter-output>
          </reporter-output>
        </test-method> <!-- getALLObjectsTest -->
      </class> <!-- api.tests.ObjectTests_New -->
    </test> <!-- Default test -->
  </suite> <!-- Default suite -->
</testng-results>
